<?xml version="1.0" encoding="UTF-8"?>
<testsuite name="UserServiceTest" tests="2" skipped="0" failures="0" errors="0" timestamp="2024-05-10T18:37:21" hostname="DMITRIY" time="0.002">
  <properties/>
  <testcase name="testGetUserByParticipantId()" classname="UserServiceTest" time="0.001"/>
  <testcase name="testRemoveUserByName()" classname="UserServiceTest" time="0.0"/>
  <system-out><![CDATA[]]></system-out>
  <system-err><![CDATA[]]></system-err>
</testsuite>
