<?xml version="1.0" encoding="UTF-8"?>
<testsuite name="ParticipantServiceTest" tests="6" skipped="0" failures="0" errors="0" timestamp="2024-05-10T18:37:21" hostname="DMITRIY" time="0.012">
  <properties/>
  <testcase name="testGetParticipantById()" classname="ParticipantServiceTest" time="0.002"/>
  <testcase name="testGetParticipantsByInternship()" classname="ParticipantServiceTest" time="0.001"/>
  <testcase name="testGetParticipantByUsername()" classname="ParticipantServiceTest" time="0.001"/>
  <testcase name="testCheckExistsParticipant()" classname="ParticipantServiceTest" time="0.0"/>
  <testcase name="testRemoveParticipant()" classname="ParticipantServiceTest" time="0.001"/>
  <testcase name="testDelete()" classname="ParticipantServiceTest" time="0.001"/>
  <system-out><![CDATA[]]></system-out>
  <system-err><![CDATA[]]></system-err>
</testsuite>
