<?xml version="1.0" encoding="UTF-8"?>
<testsuite name="TaskServiceTest" tests="3" skipped="0" failures="0" errors="0" timestamp="2024-05-10T18:37:21" hostname="DMITRIY" time="0.052">
  <properties/>
  <testcase name="testGetAllByInternship()" classname="TaskServiceTest" time="0.045"/>
  <testcase name="testGetTaskById()" classname="TaskServiceTest" time="0.002"/>
  <testcase name="testUpdate()" classname="TaskServiceTest" time="0.003"/>
  <system-out><![CDATA[]]></system-out>
  <system-err><![CDATA[]]></system-err>
</testsuite>
