<?xml version="1.0" encoding="UTF-8"?>
<testsuite name="PerformanceServiceTest" tests="4" skipped="0" failures="0" errors="0" timestamp="2024-05-10T18:37:21" hostname="DMITRIY" time="0.026">
  <properties/>
  <testcase name="testRemovePerformance()" classname="PerformanceServiceTest" time="0.001"/>
  <testcase name="testGetPerformancesByParticipant()" classname="PerformanceServiceTest" time="0.001"/>
  <testcase name="testCheckCountPerformance()" classname="PerformanceServiceTest" time="0.001"/>
  <testcase name="save_ShouldSavePerformance_WhenValidInput()" classname="PerformanceServiceTest" time="0.019"/>
  <system-out><![CDATA[]]></system-out>
  <system-err><![CDATA[]]></system-err>
</testsuite>
