<?xml version="1.0" encoding="UTF-8"?>
<testsuite name="InternshipServiceTest" tests="2" skipped="0" failures="0" errors="0" timestamp="2024-05-10T18:37:21" hostname="DMITRIY" time="0.004">
  <properties/>
  <testcase name="testRemoveInternship()" classname="InternshipServiceTest" time="0.001"/>
  <testcase name="testGetInternshipById()" classname="InternshipServiceTest" time="0.002"/>
  <system-out><![CDATA[]]></system-out>
  <system-err><![CDATA[]]></system-err>
</testsuite>
