<?xml version="1.0" encoding="UTF-8"?>
<testsuite name="ForkServiceTest" tests="3" skipped="0" failures="0" errors="0" timestamp="2024-05-10T18:37:21" hostname="DMITRIY" time="0.009">
  <properties/>
  <testcase name="testAdd()" classname="ForkServiceTest" time="0.001"/>
  <testcase name="testGetAllForksByLesson()" classname="ForkServiceTest" time="0.005"/>
  <testcase name="testGetAllForksByInternship()" classname="ForkServiceTest" time="0.001"/>
  <system-out><![CDATA[]]></system-out>
  <system-err><![CDATA[]]></system-err>
</testsuite>
